08-Oct-2018 17:15:29.894 信息 [main] org.apache.catalina.startup.VersionLoggerListener.log Server version:        Apache Tomcat/9.0.0.M15
08-Oct-2018 17:15:29.900 信息 [main] org.apache.catalina.startup.VersionLoggerListener.log Server built:          Dec 5 2016 13:44:25 UTC
08-Oct-2018 17:15:29.900 信息 [main] org.apache.catalina.startup.VersionLoggerListener.log Server number:         9.0.0.0
08-Oct-2018 17:15:29.900 信息 [main] org.apache.catalina.startup.VersionLoggerListener.log OS Name:               Mac OS X
08-Oct-2018 17:15:29.900 信息 [main] org.apache.catalina.startup.VersionLoggerListener.log OS Version:            10.14
08-Oct-2018 17:15:29.900 信息 [main] org.apache.catalina.startup.VersionLoggerListener.log Architecture:          x86_64
08-Oct-2018 17:15:29.900 信息 [main] org.apache.catalina.startup.VersionLoggerListener.log Java Home:             /Library/Java/JavaVirtualMachines/jdk1.8.0_181.jdk/Contents/Home/jre
08-Oct-2018 17:15:29.900 信息 [main] org.apache.catalina.startup.VersionLoggerListener.log JVM Version:           1.8.0_181-b13
08-Oct-2018 17:15:29.901 信息 [main] org.apache.catalina.startup.VersionLoggerListener.log JVM Vendor:            Oracle Corporation
08-Oct-2018 17:15:29.901 信息 [main] org.apache.catalina.startup.VersionLoggerListener.log CATALINA_BASE:         /Users/zhouwei/docker/Dockerfiles/job-admin/job-admin
08-Oct-2018 17:15:29.901 信息 [main] org.apache.catalina.startup.VersionLoggerListener.log CATALINA_HOME:         /Users/zhouwei/docker/Dockerfiles/job-admin/job-admin
08-Oct-2018 17:15:29.901 信息 [main] org.apache.catalina.startup.VersionLoggerListener.log Command line argument: -Djava.util.logging.config.file=/Users/zhouwei/docker/Dockerfiles/job-admin/job-admin/conf/logging.properties
08-Oct-2018 17:15:29.901 信息 [main] org.apache.catalina.startup.VersionLoggerListener.log Command line argument: -Djava.util.logging.manager=org.apache.juli.ClassLoaderLogManager
08-Oct-2018 17:15:29.901 信息 [main] org.apache.catalina.startup.VersionLoggerListener.log Command line argument: -Djdk.tls.ephemeralDHKeySize=2048
08-Oct-2018 17:15:29.901 信息 [main] org.apache.catalina.startup.VersionLoggerListener.log Command line argument: -Djava.protocol.handler.pkgs=org.apache.catalina.webresources
08-Oct-2018 17:15:29.901 信息 [main] org.apache.catalina.startup.VersionLoggerListener.log Command line argument: -Dcatalina.base=/Users/zhouwei/docker/Dockerfiles/job-admin/job-admin
08-Oct-2018 17:15:29.902 信息 [main] org.apache.catalina.startup.VersionLoggerListener.log Command line argument: -Dcatalina.home=/Users/zhouwei/docker/Dockerfiles/job-admin/job-admin
08-Oct-2018 17:15:29.902 信息 [main] org.apache.catalina.startup.VersionLoggerListener.log Command line argument: -Djava.io.tmpdir=/Users/zhouwei/docker/Dockerfiles/job-admin/job-admin/temp
08-Oct-2018 17:15:29.902 信息 [main] org.apache.catalina.core.AprLifecycleListener.lifecycleEvent The APR based Apache Tomcat Native library which allows optimal performance in production environments was not found on the java.library.path: /Users/zhouwei/Library/Java/Extensions:/Library/Java/Extensions:/Network/Library/Java/Extensions:/System/Library/Java/Extensions:/usr/lib/java:.
08-Oct-2018 17:15:30.050 信息 [main] org.apache.coyote.AbstractProtocol.init Initializing ProtocolHandler ["http-nio-8083"]
08-Oct-2018 17:15:30.083 信息 [main] org.apache.tomcat.util.net.NioSelectorPool.getSharedSelector Using a shared selector for servlet write/read
08-Oct-2018 17:15:30.086 信息 [main] org.apache.coyote.AbstractProtocol.init Initializing ProtocolHandler ["ajp-nio-8019"]
08-Oct-2018 17:15:30.087 信息 [main] org.apache.tomcat.util.net.NioSelectorPool.getSharedSelector Using a shared selector for servlet write/read
08-Oct-2018 17:15:30.088 信息 [main] org.apache.catalina.startup.Catalina.load Initialization processed in 554 ms
08-Oct-2018 17:15:30.118 信息 [main] org.apache.catalina.core.StandardService.startInternal Starting service Catalina
08-Oct-2018 17:15:30.118 信息 [main] org.apache.catalina.core.StandardEngine.startInternal Starting Servlet Engine: Apache Tomcat/9.0.0.M15
08-Oct-2018 17:15:30.127 信息 [localhost-startStop-1] org.apache.catalina.startup.HostConfig.deployDirectory Deploying web application directory /Users/zhouwei/docker/Dockerfiles/job-admin/job-admin/webapps/ROOT
08-Oct-2018 17:15:32.021 信息 [localhost-startStop-1] org.apache.jasper.servlet.TldScanner.scanJars At least one JAR was scanned for TLDs yet contained no TLDs. Enable debug logging for this logger for a complete list of JARs that were scanned but no TLDs were found in them. Skipping unneeded JARs during scanning can improve startup time and JSP compilation time.
08-Oct-2018 17:16:34.355 信息 [localhost-startStop-1] org.apache.catalina.startup.HostConfig.deployDirectory Deployment of web application directory /Users/zhouwei/docker/Dockerfiles/job-admin/job-admin/webapps/ROOT has finished in 64,227 ms
08-Oct-2018 17:16:34.357 信息 [main] org.apache.coyote.AbstractProtocol.start Starting ProtocolHandler [http-nio-8083]
08-Oct-2018 17:16:34.364 信息 [main] org.apache.coyote.AbstractProtocol.start Starting ProtocolHandler [ajp-nio-8019]
08-Oct-2018 17:16:34.365 信息 [main] org.apache.catalina.startup.Catalina.start Server startup in 64276 ms
08-Oct-2018 17:17:19.439 信息 [main] org.apache.catalina.core.StandardServer.await A valid shutdown command was received via the shutdown port. Stopping the Server instance.
08-Oct-2018 17:17:19.440 信息 [main] org.apache.coyote.AbstractProtocol.pause Pausing ProtocolHandler ["http-nio-8083"]
08-Oct-2018 17:17:19.441 信息 [main] org.apache.coyote.AbstractProtocol.pause Pausing ProtocolHandler ["ajp-nio-8019"]
08-Oct-2018 17:17:19.442 信息 [main] org.apache.catalina.core.StandardService.stopInternal Stopping service Catalina
08-Oct-2018 17:17:19.456 警告 [localhost-startStop-2] org.apache.catalina.loader.WebappClassLoaderBase.clearReferencesJdbc The web application [ROOT] registered the JDBC driver [com.mysql.jdbc.Driver] but failed to unregister it when the web application was stopped. To prevent a memory leak, the JDBC Driver has been forcibly unregistered.
08-Oct-2018 17:17:19.456 警告 [localhost-startStop-2] org.apache.catalina.loader.WebappClassLoaderBase.clearReferencesThreads The web application [ROOT] appears to have started a thread named [quartzScheduler_Worker-1] but has failed to stop it. This is very likely to create a memory leak. Stack trace of thread:
 java.lang.Object.wait(Native Method)
 org.quartz.simpl.SimpleThreadPool$WorkerThread.run(SimpleThreadPool.java:568)
08-Oct-2018 17:17:19.457 警告 [localhost-startStop-2] org.apache.catalina.loader.WebappClassLoaderBase.clearReferencesThreads The web application [ROOT] appears to have started a thread named [quartzScheduler_Worker-2] but has failed to stop it. This is very likely to create a memory leak. Stack trace of thread:
 java.lang.Object.wait(Native Method)
 org.quartz.simpl.SimpleThreadPool$WorkerThread.run(SimpleThreadPool.java:568)
08-Oct-2018 17:17:19.457 警告 [localhost-startStop-2] org.apache.catalina.loader.WebappClassLoaderBase.clearReferencesThreads The web application [ROOT] appears to have started a thread named [quartzScheduler_Worker-3] but has failed to stop it. This is very likely to create a memory leak. Stack trace of thread:
 java.lang.Object.wait(Native Method)
 org.quartz.simpl.SimpleThreadPool$WorkerThread.run(SimpleThreadPool.java:568)
08-Oct-2018 17:17:19.457 警告 [localhost-startStop-2] org.apache.catalina.loader.WebappClassLoaderBase.clearReferencesThreads The web application [ROOT] appears to have started a thread named [quartzScheduler_Worker-4] but has failed to stop it. This is very likely to create a memory leak. Stack trace of thread:
 java.lang.Object.wait(Native Method)
 org.quartz.simpl.SimpleThreadPool$WorkerThread.run(SimpleThreadPool.java:568)
08-Oct-2018 17:17:19.457 警告 [localhost-startStop-2] org.apache.catalina.loader.WebappClassLoaderBase.clearReferencesThreads The web application [ROOT] appears to have started a thread named [quartzScheduler_Worker-5] but has failed to stop it. This is very likely to create a memory leak. Stack trace of thread:
 java.lang.Object.wait(Native Method)
 org.quartz.simpl.SimpleThreadPool$WorkerThread.run(SimpleThreadPool.java:568)
08-Oct-2018 17:17:19.458 警告 [localhost-startStop-2] org.apache.catalina.loader.WebappClassLoaderBase.clearReferencesThreads The web application [ROOT] appears to have started a thread named [quartzScheduler_Worker-6] but has failed to stop it. This is very likely to create a memory leak. Stack trace of thread:
 java.lang.Object.wait(Native Method)
 org.quartz.simpl.SimpleThreadPool$WorkerThread.run(SimpleThreadPool.java:568)
08-Oct-2018 17:17:19.458 警告 [localhost-startStop-2] org.apache.catalina.loader.WebappClassLoaderBase.clearReferencesThreads The web application [ROOT] appears to have started a thread named [quartzScheduler_Worker-7] but has failed to stop it. This is very likely to create a memory leak. Stack trace of thread:
 java.lang.Object.wait(Native Method)
 org.quartz.simpl.SimpleThreadPool$WorkerThread.run(SimpleThreadPool.java:568)
08-Oct-2018 17:17:19.458 警告 [localhost-startStop-2] org.apache.catalina.loader.WebappClassLoaderBase.clearReferencesThreads The web application [ROOT] appears to have started a thread named [quartzScheduler_Worker-8] but has failed to stop it. This is very likely to create a memory leak. Stack trace of thread:
 java.lang.Object.wait(Native Method)
 org.quartz.simpl.SimpleThreadPool$WorkerThread.run(SimpleThreadPool.java:568)
08-Oct-2018 17:17:19.458 警告 [localhost-startStop-2] org.apache.catalina.loader.WebappClassLoaderBase.clearReferencesThreads The web application [ROOT] appears to have started a thread named [quartzScheduler_Worker-9] but has failed to stop it. This is very likely to create a memory leak. Stack trace of thread:
 java.lang.Object.wait(Native Method)
 org.quartz.simpl.SimpleThreadPool$WorkerThread.run(SimpleThreadPool.java:568)
08-Oct-2018 17:17:19.459 警告 [localhost-startStop-2] org.apache.catalina.loader.WebappClassLoaderBase.clearReferencesThreads The web application [ROOT] appears to have started a thread named [quartzScheduler_Worker-10] but has failed to stop it. This is very likely to create a memory leak. Stack trace of thread:
 java.lang.Object.wait(Native Method)
 org.quartz.simpl.SimpleThreadPool$WorkerThread.run(SimpleThreadPool.java:568)
08-Oct-2018 17:17:19.459 警告 [localhost-startStop-2] org.apache.catalina.loader.WebappClassLoaderBase.clearReferencesThreads The web application [ROOT] appears to have started a thread named [quartzScheduler_Worker-11] but has failed to stop it. This is very likely to create a memory leak. Stack trace of thread:
 java.lang.Object.wait(Native Method)
 org.quartz.simpl.SimpleThreadPool$WorkerThread.run(SimpleThreadPool.java:568)
08-Oct-2018 17:17:19.459 警告 [localhost-startStop-2] org.apache.catalina.loader.WebappClassLoaderBase.clearReferencesThreads The web application [ROOT] appears to have started a thread named [quartzScheduler_Worker-12] but has failed to stop it. This is very likely to create a memory leak. Stack trace of thread:
 java.lang.Object.wait(Native Method)
 org.quartz.simpl.SimpleThreadPool$WorkerThread.run(SimpleThreadPool.java:568)
08-Oct-2018 17:17:19.459 警告 [localhost-startStop-2] org.apache.catalina.loader.WebappClassLoaderBase.clearReferencesThreads The web application [ROOT] appears to have started a thread named [quartzScheduler_Worker-13] but has failed to stop it. This is very likely to create a memory leak. Stack trace of thread:
 java.lang.Object.wait(Native Method)
 org.quartz.simpl.SimpleThreadPool$WorkerThread.run(SimpleThreadPool.java:568)
08-Oct-2018 17:17:19.460 警告 [localhost-startStop-2] org.apache.catalina.loader.WebappClassLoaderBase.clearReferencesThreads The web application [ROOT] appears to have started a thread named [quartzScheduler_Worker-14] but has failed to stop it. This is very likely to create a memory leak. Stack trace of thread:
 java.lang.Object.wait(Native Method)
 org.quartz.simpl.SimpleThreadPool$WorkerThread.run(SimpleThreadPool.java:568)
08-Oct-2018 17:17:19.460 警告 [localhost-startStop-2] org.apache.catalina.loader.WebappClassLoaderBase.clearReferencesThreads The web application [ROOT] appears to have started a thread named [quartzScheduler_Worker-15] but has failed to stop it. This is very likely to create a memory leak. Stack trace of thread:
 java.lang.Object.wait(Native Method)
 org.quartz.simpl.SimpleThreadPool$WorkerThread.run(SimpleThreadPool.java:568)
08-Oct-2018 17:17:19.460 警告 [localhost-startStop-2] org.apache.catalina.loader.WebappClassLoaderBase.clearReferencesThreads The web application [ROOT] appears to have started a thread named [Abandoned connection cleanup thread] but has failed to stop it. This is very likely to create a memory leak. Stack trace of thread:
 java.lang.Object.wait(Native Method)
 java.lang.ref.ReferenceQueue.remove(ReferenceQueue.java:144)
 com.mysql.jdbc.AbandonedConnectionCleanupThread.run(AbandonedConnectionCleanupThread.java:40)
08-Oct-2018 17:17:19.461 警告 [localhost-startStop-2] org.apache.catalina.loader.WebappClassLoaderBase.clearReferencesThreads The web application [ROOT] appears to have started a thread named [Thread-9] but has failed to stop it. This is very likely to create a memory leak. Stack trace of thread:
 java.lang.Thread.sleep(Native Method)
 java.lang.Thread.sleep(Thread.java:340)
 java.util.concurrent.TimeUnit.sleep(TimeUnit.java:386)
 com.xxl.job.admin.core.thread.JobRegistryMonitorHelper$1.run(JobRegistryMonitorHelper.java:80)
 java.lang.Thread.run(Thread.java:748)
08-Oct-2018 17:17:19.461 警告 [localhost-startStop-2] org.apache.catalina.loader.WebappClassLoaderBase.clearReferencesThreads The web application [ROOT] appears to have started a thread named [Thread-10] but has failed to stop it. This is very likely to create a memory leak. Stack trace of thread:
 sun.misc.Unsafe.park(Native Method)
 java.util.concurrent.locks.LockSupport.park(LockSupport.java:175)
 java.util.concurrent.locks.AbstractQueuedSynchronizer$ConditionObject.await(AbstractQueuedSynchronizer.java:2039)
 java.util.concurrent.LinkedBlockingQueue.take(LinkedBlockingQueue.java:442)
 com.xxl.job.admin.core.thread.JobFailMonitorHelper$1.run(JobFailMonitorHelper.java:41)
 java.lang.Thread.run(Thread.java:748)
08-Oct-2018 17:17:19.462 警告 [localhost-startStop-2] org.apache.catalina.loader.WebappClassLoaderBase.clearReferencesThreads The web application [ROOT] appears to have started a thread named [quartzScheduler_QuartzSchedulerThread] but has failed to stop it. This is very likely to create a memory leak. Stack trace of thread:
 java.lang.Thread.sleep(Native Method)
 org.quartz.core.QuartzSchedulerThread.run(QuartzSchedulerThread.java:273)
08-Oct-2018 17:17:19.467 信息 [main] org.apache.coyote.AbstractProtocol.stop Stopping ProtocolHandler ["http-nio-8083"]
08-Oct-2018 17:17:19.470 信息 [main] org.apache.coyote.AbstractProtocol.stop Stopping ProtocolHandler ["ajp-nio-8019"]
08-Oct-2018 17:17:19.472 信息 [main] org.apache.coyote.AbstractProtocol.destroy Destroying ProtocolHandler ["http-nio-8083"]
08-Oct-2018 17:17:19.473 严重 [main] org.apache.catalina.util.LifecycleBase.handleSubClassException Failed to destroy component [Connector[HTTP/1.1-8083]]
 org.apache.catalina.LifecycleException: Protocol handler destroy failed
	at org.apache.catalina.connector.Connector.destroyInternal(Connector.java:1003)
	at org.apache.catalina.util.LifecycleBase.destroy(LifecycleBase.java:322)
	at org.apache.catalina.core.StandardService.destroyInternal(StandardService.java:543)
	at org.apache.catalina.util.LifecycleBase.destroy(LifecycleBase.java:322)
	at org.apache.catalina.core.StandardServer.destroyInternal(StandardServer.java:883)
	at org.apache.catalina.util.LifecycleBase.destroy(LifecycleBase.java:322)
	at org.apache.catalina.startup.Catalina.stop(Catalina.java:729)
	at org.apache.catalina.startup.Catalina.start(Catalina.java:690)
	at sun.reflect.NativeMethodAccessorImpl.invoke0(Native Method)
	at sun.reflect.NativeMethodAccessorImpl.invoke(NativeMethodAccessorImpl.java:62)
	at sun.reflect.DelegatingMethodAccessorImpl.invoke(DelegatingMethodAccessorImpl.java:43)
	at java.lang.reflect.Method.invoke(Method.java:498)
	at org.apache.catalina.startup.Bootstrap.start(Bootstrap.java:355)
	at org.apache.catalina.startup.Bootstrap.main(Bootstrap.java:495)
Caused by: java.io.IOException: No route to host
	at sun.nio.ch.NativeThread.signal(Native Method)
	at sun.nio.ch.ServerSocketChannelImpl.implCloseSelectableChannel(ServerSocketChannelImpl.java:292)
	at java.nio.channels.spi.AbstractSelectableChannel.implCloseChannel(AbstractSelectableChannel.java:234)
	at java.nio.channels.spi.AbstractInterruptibleChannel.close(AbstractInterruptibleChannel.java:115)
	at sun.nio.ch.ServerSocketAdaptor.close(ServerSocketAdaptor.java:137)
	at org.apache.tomcat.util.net.NioEndpoint.unbind(NioEndpoint.java:312)
	at org.apache.tomcat.util.net.AbstractEndpoint.destroy(AbstractEndpoint.java:1009)
	at org.apache.coyote.AbstractProtocol.destroy(AbstractProtocol.java:608)
	at org.apache.catalina.connector.Connector.destroyInternal(Connector.java:999)
	... 13 more

08-Oct-2018 17:17:19.473 信息 [main] org.apache.coyote.AbstractProtocol.destroy Destroying ProtocolHandler ["ajp-nio-8019"]
