2018-06-13 20:32:12,061 [localhost-startStop-1] INFO  org.springframework.web.context.ContextLoader (ContextLoader.java:285) - Root WebApplicationContext: initialization started
2018-06-13 20:32:12,123 [localhost-startStop-1] INFO  org.springframework.context.support.AbstractApplicationContext (AbstractApplicationContext.java:515) - Refreshing Root WebApplicationContext: startup date [Wed Jun 13 20:32:12 CST 2018]; root of context hierarchy
2018-06-13 20:32:12,972 [localhost-startStop-1] INFO  org.springframework.beans.factory.xml.XmlBeanDefinitionReader (XmlBeanDefinitionReader.java:316) - Loading XML bean definitions from ServletContext resource [/WEB-INF/webx.xml]
2018-06-13 20:32:13,166 [localhost-startStop-1] INFO  org.springframework.beans.factory.xml.XmlBeanDefinitionReader (XmlBeanDefinitionReader.java:316) - Loading XML bean definitions from ServletContext resource [/WEB-INF/common/webx-component-and-root.xml]
2018-06-13 20:32:13,241 [localhost-startStop-1] INFO  org.springframework.beans.factory.xml.XmlBeanDefinitionReader (XmlBeanDefinitionReader.java:316) - Loading XML bean definitions from ServletContext resource [/WEB-INF/common/pipeline-exception.xml]
2018-06-13 20:32:13,295 [localhost-startStop-1] INFO  org.springframework.beans.factory.xml.XmlBeanDefinitionReader (XmlBeanDefinitionReader.java:316) - Loading XML bean definitions from ServletContext resource [/WEB-INF/common/resources.xml]
2018-06-13 20:32:13,540 [localhost-startStop-1] INFO  org.springframework.beans.factory.xml.XmlBeanDefinitionReader (XmlBeanDefinitionReader.java:316) - Loading XML bean definitions from ServletContext resource [/WEB-INF/common/uris.xml]
2018-06-13 20:32:13,591 [localhost-startStop-1] INFO  org.springframework.beans.factory.xml.XmlBeanDefinitionReader (XmlBeanDefinitionReader.java:316) - Loading XML bean definitions from ServletContext resource [/WEB-INF/common/rewrite.xml]
2018-06-13 20:32:13,615 [localhost-startStop-1] INFO  org.springframework.beans.factory.xml.XmlBeanDefinitionReader (XmlBeanDefinitionReader.java:316) - Loading XML bean definitions from class path resource [META-INF/spring/dubbo-admin.xml]
2018-06-13 20:32:13,629 [localhost-startStop-1] INFO  ? (?:?) - using logger: com.alibaba.dubbo.common.logger.log4j.Log4jLoggerAdapter
2018-06-13 20:32:13,825 [localhost-startStop-1] INFO  org.springframework.core.io.support.PropertiesLoaderSupport (PropertiesLoaderSupport.java:172) - Loading properties file from Resource[/WEB-INF/dubbo.properties, loaded by ResourceLoadingService]
2018-06-13 20:32:13,826 [localhost-startStop-1] INFO  org.springframework.core.io.support.PropertiesLoaderSupport (PropertiesLoaderSupport.java:172) - Loading properties file from URL [file:/root/dubbo.properties]
2018-06-13 20:32:13,826 [localhost-startStop-1] WARN  org.springframework.core.io.support.PropertiesLoaderSupport (PropertiesLoaderSupport.java:181) - Could not load properties from URL [file:/root/dubbo.properties]: /root/dubbo.properties (No such file or directory)
2018-06-13 20:32:13,841 [localhost-startStop-1] INFO  alibaba.citrus.service.configuration.support.PropertiesConfigurationSupport (PropertiesConfigurationSupport.java:79) - Application is running in Production Mode.
2018-06-13 20:32:13,999 [localhost-startStop-1] INFO  alibaba.citrus.service.upload.impl.UploadServiceImpl (UploadServiceImpl.java:97) - Upload Parameters: {
  Repository Path                  = /home/jcjuser/dubbo-admin/temp
  Maximum Request Size             = 5M
  Maximum File Size                = n/a
  Threshold before Writing to File = 10K
  Keep Form Field in Memory        = false
  File Name Key                    = [
                                       [1/1] filename
                                     ]
}
2018-06-13 20:32:14,092 [localhost-startStop-1] INFO  org.springframework.context.support.AbstractApplicationContext$BeanPostProcessorChecker (AbstractApplicationContext.java:1380) - Bean '(inner bean)#228b35b8' of type [class com.alibaba.citrus.springext.util.SpringExtUtil$ConstructorArg] is not eligible for getting processed by all BeanPostProcessors (for example: not eligible for auto-proxying)
2018-06-13 20:32:14,268 [localhost-startStop-1] INFO  org.springframework.context.support.AbstractApplicationContext$BeanPostProcessorChecker (AbstractApplicationContext.java:1380) - Bean 'dubbo-admin' of type [class com.alibaba.dubbo.config.ApplicationConfig] is not eligible for getting processed by all BeanPostProcessors (for example: not eligible for auto-proxying)
2018-06-13 20:32:14,273 [localhost-startStop-1] INFO  org.springframework.context.support.AbstractApplicationContext$BeanPostProcessorChecker (AbstractApplicationContext.java:1380) - Bean 'com.alibaba.dubbo.config.RegistryConfig' of type [class com.alibaba.dubbo.config.RegistryConfig] is not eligible for getting processed by all BeanPostProcessors (for example: not eligible for auto-proxying)
2018-06-13 20:32:14,274 [localhost-startStop-1] INFO  org.springframework.context.support.AbstractApplicationContext$BeanPostProcessorChecker (AbstractApplicationContext.java:1380) - Bean 'registryService' of type [class com.alibaba.dubbo.config.spring.ReferenceBean] is not eligible for getting processed by all BeanPostProcessors (for example: not eligible for auto-proxying)
2018-06-13 20:32:14,275 [localhost-startStop-1] INFO  org.springframework.context.support.AbstractApplicationContext$BeanPostProcessorChecker (AbstractApplicationContext.java:1380) - Bean '(inner bean)#228b35b8' of type [class com.alibaba.citrus.webx.config.impl.WebxConfigurationImpl] is not eligible for getting processed by all BeanPostProcessors (for example: not eligible for auto-proxying)
2018-06-13 20:32:14,286 [localhost-startStop-1] INFO  org.springframework.beans.factory.support.DefaultListableBeanFactory (DefaultListableBeanFactory.java:603) - Pre-instantiating singletons in com.alibaba.citrus.springext.support.context.InheritableListableBeanFactory@7168f1b1: defining beans [org.springframework.context.annotation.internalConfigurationAnnotationProcessor,org.springframework.context.annotation.internalAutowiredAnnotationProcessor,org.springframework.context.annotation.internalRequiredAnnotationProcessor,org.springframework.context.annotation.internalCommonAnnotationProcessor,com.alibaba.citrus.service.configuration.support.PropertyPlaceholderConfigurer#0,templateService,mappingRuleService,dataResolverService,exceptionPipeline,resourceLoadingService,messageSource,uriBrokerService,restfulRewrite,org.springframework.beans.factory.config.PropertyPlaceholderConfigurer#0,dubbo-admin,com.alibaba.dubbo.config.RegistryConfig,registryService,configService,consumerService,overrideService,ownerService,providerService,routeService,userService,governanceCache,productionModeSensiblePostProcessor,webxConfiguration,requestContexts,com.alibaba.citrus.service.requestcontext.impl.RequestContextBeanFactoryPostProcessor#0,uploadService,pullService,formService,module.screen.Error404,module.screen.ErrorOther,moduleLoaderService,messageResourceService,com.alibaba.citrus.webx.context.WebxComponentsLoader$WebxComponentsCreator,org.springframework.context.annotation.ConfigurationClassPostProcessor.importAwareProcessor]; root of factory hierarchy
2018-06-13 20:32:14,325 [localhost-startStop-1] INFO  alibaba.citrus.service.velocity.impl.Slf4jLogChute (Slf4jLogChute.java:76) - SpringResourceLoaderAdapter : initialization starting.
2018-06-13 20:32:14,326 [localhost-startStop-1] INFO  alibaba.citrus.service.velocity.impl.Slf4jLogChute (Slf4jLogChute.java:76) - SpringResourceLoaderAdapter : set path '/templates/common/'
2018-06-13 20:32:14,326 [localhost-startStop-1] INFO  alibaba.citrus.service.velocity.impl.Slf4jLogChute (Slf4jLogChute.java:76) - SpringResourceLoaderAdapter : initialization complete.
2018-06-13 20:32:14,374 [localhost-startStop-1] INFO  alibaba.citrus.service.mappingrule.support.AbstractMappingRule (AbstractMappingRule.java:83) - Initialized extension.input:ExtensionMappingRule with cache disabled
2018-06-13 20:32:14,374 [localhost-startStop-1] INFO  alibaba.citrus.service.mappingrule.support.AbstractMappingRule (AbstractMappingRule.java:83) - Initialized extension.output:ExtensionMappingRule with cache disabled
2018-06-13 20:32:14,426 [localhost-startStop-1] INFO  alibaba.citrus.service.mappingrule.support.AbstractMappingRule (AbstractMappingRule.java:83) - Initialized action:DirectModuleMappingRule with cache disabled
2018-06-13 20:32:14,427 [localhost-startStop-1] INFO  alibaba.citrus.service.mappingrule.support.AbstractMappingRule (AbstractMappingRule.java:83) - Initialized screen.notemplate:DirectModuleMappingRule with cache disabled
2018-06-13 20:32:14,431 [localhost-startStop-1] INFO  alibaba.citrus.service.mappingrule.support.AbstractMappingRule (AbstractMappingRule.java:83) - Initialized screen:FallbackModuleMappingRule with cache enabled
2018-06-13 20:32:14,435 [localhost-startStop-1] INFO  alibaba.citrus.service.mappingrule.support.AbstractMappingRule (AbstractMappingRule.java:83) - Initialized screen.template:DirectTemplateMappingRule with cache disabled
2018-06-13 20:32:14,439 [localhost-startStop-1] INFO  alibaba.citrus.service.mappingrule.support.AbstractMappingRule (AbstractMappingRule.java:83) - Initialized layout.template:FallbackTemplateMappingRule with cache enabled
2018-06-13 20:32:14,439 [localhost-startStop-1] INFO  alibaba.citrus.service.mappingrule.support.AbstractMappingRule (AbstractMappingRule.java:83) - Initialized control.notemplate:DirectModuleMappingRule with cache disabled
2018-06-13 20:32:14,440 [localhost-startStop-1] INFO  alibaba.citrus.service.mappingrule.support.AbstractMappingRule (AbstractMappingRule.java:83) - Initialized control:FallbackModuleMappingRule with cache enabled
2018-06-13 20:32:14,440 [localhost-startStop-1] INFO  alibaba.citrus.service.mappingrule.support.AbstractMappingRule (AbstractMappingRule.java:83) - Initialized control.template:DirectTemplateMappingRule with cache disabled
2018-06-13 20:32:14,570 [ZkClient-EventThread-18-10.254.197.54:2181,10.254.197.55:2181,10.254.197.56:2181] INFO  org.I0Itec.zkclient.ZkEventThread (ZkEventThread.java:64) - Starting ZkClient event thread.
2018-06-13 20:32:14,725 [localhost-startStop-1-EventThread] INFO  org.I0Itec.zkclient.ZkClient (ZkClient.java:449) - zookeeper state changed (SyncConnected)
2018-06-13 20:32:14,747 [localhost-startStop-1] INFO  com.alibaba.dubbo.config.ReferenceConfig (ReferenceConfig.java:423) -  [DUBBO] Refer dubbo service com.alibaba.dubbo.registry.RegistryService from url zookeeper://10.254.197.54:2181/com.alibaba.dubbo.registry.RegistryService?application=dubbo-admin&backup=10.254.197.55:2181,10.254.197.56:2181&check=false&dubbo=2.5.3&file=false&pid=3023&refer=application%3Ddubbo-admin%26check%3Dfalse%26dubbo%3D2.5.3%26interface%3Dcom.alibaba.dubbo.registry.RegistryService%26methods%3Dlookup%2Csubscribe%2Cunsubscribe%2Cunregister%2Cregister%26pid%3D3023%26revision%3D2.5.3%26side%3Dconsumer%26timestamp%3D1528893134506&timestamp=1528893134528, dubbo version: 2.5.3, current host: 10.254.197.62
2018-06-13 20:32:14,754 [localhost-startStop-1] INFO  com.alibaba.dubbo.governance.sync.RegistryServerSync (RegistryServerSync.java:71) -  [DUBBO] Init Dubbo Admin Sync Cache..., dubbo version: 2.5.3, current host: 10.254.197.62
2018-06-13 20:32:14,756 [localhost-startStop-1] INFO  com.alibaba.dubbo.registry.support.AbstractRegistry (AbstractRegistry.java:325) -  [DUBBO] Subscribe: admin://10.254.197.62?category=providers,consumers,routers,configurators&check=false&classifier=*&enabled=*&group=*&interface=*&version=*, dubbo version: 2.5.3, current host: 10.254.197.62
2018-06-13 20:32:14,938 [localhost-startStop-1] INFO  alibaba.citrus.service.pull.impl.PullServiceImpl (PullServiceImpl.java:105) - Initialized pull service [key=PullService.pullService] with 16 pre-pulled tools, 10 pre-queued tools and 0 runtime tools
2018-06-13 20:32:14,951 [localhost-startStop-1] INFO  com.alibaba.citrus.webx.context.WebxComponentsLoader (WebxComponentsLoader.java:225) - Initializing Spring sub WebApplicationContext: sysmanage
2018-06-13 20:32:14,952 [localhost-startStop-1] INFO  org.springframework.context.support.AbstractApplicationContext (AbstractApplicationContext.java:515) - Refreshing WebApplicationContext for namespace 'sysmanage': startup date [Wed Jun 13 20:32:14 CST 2018]; parent: Root WebApplicationContext
2018-06-13 20:32:15,495 [localhost-startStop-1] INFO  org.springframework.beans.factory.xml.XmlBeanDefinitionReader (XmlBeanDefinitionReader.java:316) - Loading XML bean definitions from Resource[WEB-INF/webx-sysmanage.xml, loaded by ResourceLoadingService]
2018-06-13 20:32:15,548 [localhost-startStop-1] INFO  org.springframework.beans.factory.xml.XmlBeanDefinitionReader (XmlBeanDefinitionReader.java:316) - Loading XML bean definitions from Resource[WEB-INF/common/webx-component-and-root.xml, loaded by ResourceLoadingService]
2018-06-13 20:32:15,627 [localhost-startStop-1] INFO  org.springframework.beans.factory.xml.XmlBeanDefinitionReader (XmlBeanDefinitionReader.java:316) - Loading XML bean definitions from Resource[WEB-INF/common/webx-component.xml, loaded by ResourceLoadingService]
2018-06-13 20:32:15,655 [localhost-startStop-1] INFO  org.springframework.beans.factory.xml.XmlBeanDefinitionReader (XmlBeanDefinitionReader.java:316) - Loading XML bean definitions from Resource[WEB-INF/common/pipeline.xml, loaded by ResourceLoadingService]
2018-06-13 20:32:15,695 [localhost-startStop-1] INFO  org.springframework.context.support.AbstractApplicationContext$BeanPostProcessorChecker (AbstractApplicationContext.java:1380) - Bean '(inner bean)#6aa6921d' of type [class com.alibaba.citrus.springext.util.SpringExtUtil$ConstructorArg] is not eligible for getting processed by all BeanPostProcessors (for example: not eligible for auto-proxying)
2018-06-13 20:32:15,696 [localhost-startStop-1] INFO  org.springframework.context.support.AbstractApplicationContext$BeanPostProcessorChecker (AbstractApplicationContext.java:1380) - Bean '(inner bean)#611b7dd5' of type [class com.alibaba.citrus.webx.config.impl.WebxConfigurationImpl$ComponentsConfigImpl] is not eligible for getting processed by all BeanPostProcessors (for example: not eligible for auto-proxying)
2018-06-13 20:32:15,696 [localhost-startStop-1] INFO  alibaba.citrus.service.configuration.support.PropertiesConfigurationSupport (PropertiesConfigurationSupport.java:79) - Application is running in Production Mode.
2018-06-13 20:32:15,696 [localhost-startStop-1] INFO  org.springframework.context.support.AbstractApplicationContext$BeanPostProcessorChecker (AbstractApplicationContext.java:1380) - Bean 'webxConfiguration' of type [class com.alibaba.citrus.webx.config.impl.WebxConfigurationImpl] is not eligible for getting processed by all BeanPostProcessors (for example: not eligible for auto-proxying)
2018-06-13 20:32:15,697 [localhost-startStop-1] INFO  org.springframework.context.support.AbstractApplicationContext$BeanPostProcessorChecker (AbstractApplicationContext.java:1380) - Bean '(inner bean)#6aa6921d' of type [class com.alibaba.citrus.webx.config.impl.WebxConfigurationImpl] is not eligible for getting processed by all BeanPostProcessors (for example: not eligible for auto-proxying)
2018-06-13 20:32:15,698 [localhost-startStop-1] INFO  org.springframework.beans.factory.support.DefaultListableBeanFactory (DefaultListableBeanFactory.java:603) - Pre-instantiating singletons in com.alibaba.citrus.springext.support.context.InheritableListableBeanFactory@7b46e4f5: defining beans [org.springframework.context.annotation.internalConfigurationAnnotationProcessor,org.springframework.context.annotation.internalAutowiredAnnotationProcessor,org.springframework.context.annotation.internalRequiredAnnotationProcessor,org.springframework.context.annotation.internalCommonAnnotationProcessor,com.alibaba.citrus.service.configuration.support.PropertyPlaceholderConfigurer#0,templateService,mappingRuleService,dataResolverService,productionModeSensiblePostProcessor,webxConfiguration,pullService,pipeline,module.screen.Privileges,module.screen.Userown,module.screen.Configs,moduleLoaderService,org.springframework.context.annotation.ConfigurationClassPostProcessor.importAwareProcessor]; parent: com.alibaba.citrus.springext.support.context.InheritableListableBeanFactory@7168f1b1
2018-06-13 20:32:15,701 [localhost-startStop-1] INFO  alibaba.citrus.service.velocity.impl.Slf4jLogChute (Slf4jLogChute.java:76) - SpringResourceLoaderAdapter : initialization starting.
2018-06-13 20:32:15,701 [localhost-startStop-1] INFO  alibaba.citrus.service.velocity.impl.Slf4jLogChute (Slf4jLogChute.java:76) - SpringResourceLoaderAdapter : set path '/templates/sysmanage/'
2018-06-13 20:32:15,701 [localhost-startStop-1] INFO  alibaba.citrus.service.velocity.impl.Slf4jLogChute (Slf4jLogChute.java:76) - SpringResourceLoaderAdapter : initialization complete.
2018-06-13 20:32:15,704 [localhost-startStop-1] INFO  alibaba.citrus.service.mappingrule.support.AbstractMappingRule (AbstractMappingRule.java:83) - Initialized extension.input:ExtensionMappingRule with cache disabled
2018-06-13 20:32:15,704 [localhost-startStop-1] INFO  alibaba.citrus.service.mappingrule.support.AbstractMappingRule (AbstractMappingRule.java:83) - Initialized extension.output:ExtensionMappingRule with cache disabled
2018-06-13 20:32:15,710 [localhost-startStop-1] INFO  alibaba.citrus.service.mappingrule.support.AbstractMappingRule (AbstractMappingRule.java:83) - Initialized action:DirectModuleMappingRule with cache disabled
2018-06-13 20:32:15,710 [localhost-startStop-1] INFO  alibaba.citrus.service.mappingrule.support.AbstractMappingRule (AbstractMappingRule.java:83) - Initialized screen.notemplate:DirectModuleMappingRule with cache disabled
2018-06-13 20:32:15,711 [localhost-startStop-1] INFO  alibaba.citrus.service.mappingrule.support.AbstractMappingRule (AbstractMappingRule.java:83) - Initialized screen:FallbackModuleMappingRule with cache enabled
2018-06-13 20:32:15,711 [localhost-startStop-1] INFO  alibaba.citrus.service.mappingrule.support.AbstractMappingRule (AbstractMappingRule.java:83) - Initialized screen.template:DirectTemplateMappingRule with cache disabled
2018-06-13 20:32:15,712 [localhost-startStop-1] INFO  alibaba.citrus.service.mappingrule.support.AbstractMappingRule (AbstractMappingRule.java:83) - Initialized layout.template:FallbackTemplateMappingRule with cache enabled
2018-06-13 20:32:15,712 [localhost-startStop-1] INFO  alibaba.citrus.service.mappingrule.support.AbstractMappingRule (AbstractMappingRule.java:83) - Initialized control.notemplate:DirectModuleMappingRule with cache disabled
2018-06-13 20:32:15,712 [localhost-startStop-1] INFO  alibaba.citrus.service.mappingrule.support.AbstractMappingRule (AbstractMappingRule.java:83) - Initialized control:FallbackModuleMappingRule with cache enabled
2018-06-13 20:32:15,713 [localhost-startStop-1] INFO  alibaba.citrus.service.mappingrule.support.AbstractMappingRule (AbstractMappingRule.java:83) - Initialized control.template:DirectTemplateMappingRule with cache disabled
2018-06-13 20:32:15,720 [localhost-startStop-1] INFO  alibaba.citrus.service.pull.impl.PullServiceImpl (PullServiceImpl.java:105) - Initialized pull service [key=PullService.pullService.1] with 16 pre-pulled tools, 9 pre-queued tools and 0 runtime tools
2018-06-13 20:32:15,767 [localhost-startStop-1] INFO  com.alibaba.citrus.webx.context.WebxComponentsLoader (WebxComponentsLoader.java:225) - Initializing Spring sub WebApplicationContext: sysinfo
2018-06-13 20:32:15,767 [localhost-startStop-1] INFO  org.springframework.context.support.AbstractApplicationContext (AbstractApplicationContext.java:515) - Refreshing WebApplicationContext for namespace 'sysinfo': startup date [Wed Jun 13 20:32:15 CST 2018]; parent: Root WebApplicationContext
2018-06-13 20:32:16,165 [localhost-startStop-1] INFO  org.springframework.beans.factory.xml.XmlBeanDefinitionReader (XmlBeanDefinitionReader.java:316) - Loading XML bean definitions from Resource[WEB-INF/webx-sysinfo.xml, loaded by ResourceLoadingService]
2018-06-13 20:32:16,203 [localhost-startStop-1] INFO  org.springframework.beans.factory.xml.XmlBeanDefinitionReader (XmlBeanDefinitionReader.java:316) - Loading XML bean definitions from Resource[WEB-INF/common/webx-component-and-root.xml, loaded by ResourceLoadingService]
2018-06-13 20:32:16,229 [localhost-startStop-1] INFO  org.springframework.beans.factory.xml.XmlBeanDefinitionReader (XmlBeanDefinitionReader.java:316) - Loading XML bean definitions from Resource[WEB-INF/common/webx-component.xml, loaded by ResourceLoadingService]
2018-06-13 20:32:16,253 [localhost-startStop-1] INFO  org.springframework.beans.factory.xml.XmlBeanDefinitionReader (XmlBeanDefinitionReader.java:316) - Loading XML bean definitions from Resource[WEB-INF/common/pipeline.xml, loaded by ResourceLoadingService]
2018-06-13 20:32:16,283 [localhost-startStop-1] INFO  org.springframework.context.support.AbstractApplicationContext$BeanPostProcessorChecker (AbstractApplicationContext.java:1380) - Bean '(inner bean)#3c27c566' of type [class com.alibaba.citrus.springext.util.SpringExtUtil$ConstructorArg] is not eligible for getting processed by all BeanPostProcessors (for example: not eligible for auto-proxying)
2018-06-13 20:32:16,284 [localhost-startStop-1] INFO  org.springframework.context.support.AbstractApplicationContext$BeanPostProcessorChecker (AbstractApplicationContext.java:1380) - Bean '(inner bean)#4294cb0d' of type [class com.alibaba.citrus.webx.config.impl.WebxConfigurationImpl$ComponentsConfigImpl] is not eligible for getting processed by all BeanPostProcessors (for example: not eligible for auto-proxying)
2018-06-13 20:32:16,284 [localhost-startStop-1] INFO  alibaba.citrus.service.configuration.support.PropertiesConfigurationSupport (PropertiesConfigurationSupport.java:79) - Application is running in Production Mode.
2018-06-13 20:32:16,285 [localhost-startStop-1] INFO  org.springframework.context.support.AbstractApplicationContext$BeanPostProcessorChecker (AbstractApplicationContext.java:1380) - Bean 'webxConfiguration' of type [class com.alibaba.citrus.webx.config.impl.WebxConfigurationImpl] is not eligible for getting processed by all BeanPostProcessors (for example: not eligible for auto-proxying)
2018-06-13 20:32:16,285 [localhost-startStop-1] INFO  org.springframework.context.support.AbstractApplicationContext$BeanPostProcessorChecker (AbstractApplicationContext.java:1380) - Bean '(inner bean)#3c27c566' of type [class com.alibaba.citrus.webx.config.impl.WebxConfigurationImpl] is not eligible for getting processed by all BeanPostProcessors (for example: not eligible for auto-proxying)
2018-06-13 20:32:16,286 [localhost-startStop-1] INFO  org.springframework.beans.factory.support.DefaultListableBeanFactory (DefaultListableBeanFactory.java:603) - Pre-instantiating singletons in com.alibaba.citrus.springext.support.context.InheritableListableBeanFactory@4db58d6c: defining beans [org.springframework.context.annotation.internalConfigurationAnnotationProcessor,org.springframework.context.annotation.internalAutowiredAnnotationProcessor,org.springframework.context.annotation.internalRequiredAnnotationProcessor,org.springframework.context.annotation.internalCommonAnnotationProcessor,com.alibaba.citrus.service.configuration.support.PropertyPlaceholderConfigurer#0,templateService,mappingRuleService,dataResolverService,productionModeSensiblePostProcessor,webxConfiguration,pullService,pipeline,module.screen.Dump,module.screen.Envs,module.screen.Statuses,module.screen.Logs,module.screen.Versions,module.screen.Dumps,moduleLoaderService,org.springframework.context.annotation.ConfigurationClassPostProcessor.importAwareProcessor]; parent: com.alibaba.citrus.springext.support.context.InheritableListableBeanFactory@7168f1b1
2018-06-13 20:32:16,288 [localhost-startStop-1] INFO  alibaba.citrus.service.velocity.impl.Slf4jLogChute (Slf4jLogChute.java:76) - SpringResourceLoaderAdapter : initialization starting.
2018-06-13 20:32:16,288 [localhost-startStop-1] INFO  alibaba.citrus.service.velocity.impl.Slf4jLogChute (Slf4jLogChute.java:76) - SpringResourceLoaderAdapter : set path '/templates/sysinfo/'
2018-06-13 20:32:16,289 [localhost-startStop-1] INFO  alibaba.citrus.service.velocity.impl.Slf4jLogChute (Slf4jLogChute.java:76) - SpringResourceLoaderAdapter : initialization complete.
2018-06-13 20:32:16,291 [localhost-startStop-1] INFO  alibaba.citrus.service.mappingrule.support.AbstractMappingRule (AbstractMappingRule.java:83) - Initialized extension.input:ExtensionMappingRule with cache disabled
2018-06-13 20:32:16,292 [localhost-startStop-1] INFO  alibaba.citrus.service.mappingrule.support.AbstractMappingRule (AbstractMappingRule.java:83) - Initialized extension.output:ExtensionMappingRule with cache disabled
2018-06-13 20:32:16,298 [localhost-startStop-1] INFO  alibaba.citrus.service.mappingrule.support.AbstractMappingRule (AbstractMappingRule.java:83) - Initialized action:DirectModuleMappingRule with cache disabled
2018-06-13 20:32:16,298 [localhost-startStop-1] INFO  alibaba.citrus.service.mappingrule.support.AbstractMappingRule (AbstractMappingRule.java:83) - Initialized screen.notemplate:DirectModuleMappingRule with cache disabled
2018-06-13 20:32:16,299 [localhost-startStop-1] INFO  alibaba.citrus.service.mappingrule.support.AbstractMappingRule (AbstractMappingRule.java:83) - Initialized screen:FallbackModuleMappingRule with cache enabled
2018-06-13 20:32:16,299 [localhost-startStop-1] INFO  alibaba.citrus.service.mappingrule.support.AbstractMappingRule (AbstractMappingRule.java:83) - Initialized screen.template:DirectTemplateMappingRule with cache disabled
2018-06-13 20:32:16,300 [localhost-startStop-1] INFO  alibaba.citrus.service.mappingrule.support.AbstractMappingRule (AbstractMappingRule.java:83) - Initialized layout.template:FallbackTemplateMappingRule with cache enabled
2018-06-13 20:32:16,300 [localhost-startStop-1] INFO  alibaba.citrus.service.mappingrule.support.AbstractMappingRule (AbstractMappingRule.java:83) - Initialized control.notemplate:DirectModuleMappingRule with cache disabled
2018-06-13 20:32:16,301 [localhost-startStop-1] INFO  alibaba.citrus.service.mappingrule.support.AbstractMappingRule (AbstractMappingRule.java:83) - Initialized control:FallbackModuleMappingRule with cache enabled
2018-06-13 20:32:16,301 [localhost-startStop-1] INFO  alibaba.citrus.service.mappingrule.support.AbstractMappingRule (AbstractMappingRule.java:83) - Initialized control.template:DirectTemplateMappingRule with cache disabled
2018-06-13 20:32:16,304 [localhost-startStop-1] INFO  alibaba.citrus.service.pull.impl.PullServiceImpl (PullServiceImpl.java:105) - Initialized pull service [key=PullService.pullService.2] with 16 pre-pulled tools, 9 pre-queued tools and 0 runtime tools
2018-06-13 20:32:16,321 [localhost-startStop-1] INFO  com.alibaba.citrus.webx.context.WebxComponentsLoader (WebxComponentsLoader.java:225) - Initializing Spring sub WebApplicationContext: personal
2018-06-13 20:32:16,322 [localhost-startStop-1] INFO  org.springframework.context.support.AbstractApplicationContext (AbstractApplicationContext.java:515) - Refreshing WebApplicationContext for namespace 'personal': startup date [Wed Jun 13 20:32:16 CST 2018]; parent: Root WebApplicationContext
2018-06-13 20:32:16,737 [localhost-startStop-1] INFO  org.springframework.beans.factory.xml.XmlBeanDefinitionReader (XmlBeanDefinitionReader.java:316) - Loading XML bean definitions from Resource[WEB-INF/webx-personal.xml, loaded by ResourceLoadingService]
2018-06-13 20:32:16,783 [localhost-startStop-1] INFO  org.springframework.beans.factory.xml.XmlBeanDefinitionReader (XmlBeanDefinitionReader.java:316) - Loading XML bean definitions from Resource[WEB-INF/common/webx-component-and-root.xml, loaded by ResourceLoadingService]
2018-06-13 20:32:16,810 [localhost-startStop-1] INFO  org.springframework.beans.factory.xml.XmlBeanDefinitionReader (XmlBeanDefinitionReader.java:316) - Loading XML bean definitions from Resource[WEB-INF/common/webx-component.xml, loaded by ResourceLoadingService]
2018-06-13 20:32:16,835 [localhost-startStop-1] INFO  org.springframework.beans.factory.xml.XmlBeanDefinitionReader (XmlBeanDefinitionReader.java:316) - Loading XML bean definitions from Resource[WEB-INF/common/pipeline.xml, loaded by ResourceLoadingService]
2018-06-13 20:32:16,868 [localhost-startStop-1] INFO  org.springframework.context.support.AbstractApplicationContext$BeanPostProcessorChecker (AbstractApplicationContext.java:1380) - Bean '(inner bean)#271b132a' of type [class com.alibaba.citrus.springext.util.SpringExtUtil$ConstructorArg] is not eligible for getting processed by all BeanPostProcessors (for example: not eligible for auto-proxying)
2018-06-13 20:32:16,869 [localhost-startStop-1] INFO  org.springframework.context.support.AbstractApplicationContext$BeanPostProcessorChecker (AbstractApplicationContext.java:1380) - Bean '(inner bean)#1c60f6db' of type [class com.alibaba.citrus.webx.config.impl.WebxConfigurationImpl$ComponentsConfigImpl] is not eligible for getting processed by all BeanPostProcessors (for example: not eligible for auto-proxying)
2018-06-13 20:32:16,869 [localhost-startStop-1] INFO  alibaba.citrus.service.configuration.support.PropertiesConfigurationSupport (PropertiesConfigurationSupport.java:79) - Application is running in Production Mode.
2018-06-13 20:32:16,869 [localhost-startStop-1] INFO  org.springframework.context.support.AbstractApplicationContext$BeanPostProcessorChecker (AbstractApplicationContext.java:1380) - Bean 'webxConfiguration' of type [class com.alibaba.citrus.webx.config.impl.WebxConfigurationImpl] is not eligible for getting processed by all BeanPostProcessors (for example: not eligible for auto-proxying)
2018-06-13 20:32:16,869 [localhost-startStop-1] INFO  org.springframework.context.support.AbstractApplicationContext$BeanPostProcessorChecker (AbstractApplicationContext.java:1380) - Bean '(inner bean)#271b132a' of type [class com.alibaba.citrus.webx.config.impl.WebxConfigurationImpl] is not eligible for getting processed by all BeanPostProcessors (for example: not eligible for auto-proxying)
2018-06-13 20:32:16,871 [localhost-startStop-1] INFO  org.springframework.beans.factory.support.DefaultListableBeanFactory (DefaultListableBeanFactory.java:603) - Pre-instantiating singletons in com.alibaba.citrus.springext.support.context.InheritableListableBeanFactory@55b6dc9f: defining beans [org.springframework.context.annotation.internalConfigurationAnnotationProcessor,org.springframework.context.annotation.internalAutowiredAnnotationProcessor,org.springframework.context.annotation.internalRequiredAnnotationProcessor,org.springframework.context.annotation.internalCommonAnnotationProcessor,com.alibaba.citrus.service.configuration.support.PropertyPlaceholderConfigurer#0,templateService,mappingRuleService,dataResolverService,productionModeSensiblePostProcessor,webxConfiguration,pullService,pipeline,module.screen.Passwds,module.screen.Infos,moduleLoaderService,org.springframework.context.annotation.ConfigurationClassPostProcessor.importAwareProcessor]; parent: com.alibaba.citrus.springext.support.context.InheritableListableBeanFactory@7168f1b1
2018-06-13 20:32:16,873 [localhost-startStop-1] INFO  alibaba.citrus.service.velocity.impl.Slf4jLogChute (Slf4jLogChute.java:76) - SpringResourceLoaderAdapter : initialization starting.
2018-06-13 20:32:16,873 [localhost-startStop-1] INFO  alibaba.citrus.service.velocity.impl.Slf4jLogChute (Slf4jLogChute.java:76) - SpringResourceLoaderAdapter : set path '/templates/personal/'
2018-06-13 20:32:16,873 [localhost-startStop-1] INFO  alibaba.citrus.service.velocity.impl.Slf4jLogChute (Slf4jLogChute.java:76) - SpringResourceLoaderAdapter : initialization complete.
2018-06-13 20:32:16,877 [localhost-startStop-1] INFO  alibaba.citrus.service.mappingrule.support.AbstractMappingRule (AbstractMappingRule.java:83) - Initialized extension.input:ExtensionMappingRule with cache disabled
2018-06-13 20:32:16,877 [localhost-startStop-1] INFO  alibaba.citrus.service.mappingrule.support.AbstractMappingRule (AbstractMappingRule.java:83) - Initialized extension.output:ExtensionMappingRule with cache disabled
2018-06-13 20:32:16,884 [localhost-startStop-1] INFO  alibaba.citrus.service.mappingrule.support.AbstractMappingRule (AbstractMappingRule.java:83) - Initialized action:DirectModuleMappingRule with cache disabled
2018-06-13 20:32:16,884 [localhost-startStop-1] INFO  alibaba.citrus.service.mappingrule.support.AbstractMappingRule (AbstractMappingRule.java:83) - Initialized screen.notemplate:DirectModuleMappingRule with cache disabled
2018-06-13 20:32:16,885 [localhost-startStop-1] INFO  alibaba.citrus.service.mappingrule.support.AbstractMappingRule (AbstractMappingRule.java:83) - Initialized screen:FallbackModuleMappingRule with cache enabled
2018-06-13 20:32:16,885 [localhost-startStop-1] INFO  alibaba.citrus.service.mappingrule.support.AbstractMappingRule (AbstractMappingRule.java:83) - Initialized screen.template:DirectTemplateMappingRule with cache disabled
2018-06-13 20:32:16,886 [localhost-startStop-1] INFO  alibaba.citrus.service.mappingrule.support.AbstractMappingRule (AbstractMappingRule.java:83) - Initialized layout.template:FallbackTemplateMappingRule with cache enabled
2018-06-13 20:32:16,886 [localhost-startStop-1] INFO  alibaba.citrus.service.mappingrule.support.AbstractMappingRule (AbstractMappingRule.java:83) - Initialized control.notemplate:DirectModuleMappingRule with cache disabled
2018-06-13 20:32:16,886 [localhost-startStop-1] INFO  alibaba.citrus.service.mappingrule.support.AbstractMappingRule (AbstractMappingRule.java:83) - Initialized control:FallbackModuleMappingRule with cache enabled
2018-06-13 20:32:16,887 [localhost-startStop-1] INFO  alibaba.citrus.service.mappingrule.support.AbstractMappingRule (AbstractMappingRule.java:83) - Initialized control.template:DirectTemplateMappingRule with cache disabled
2018-06-13 20:32:16,889 [localhost-startStop-1] INFO  alibaba.citrus.service.pull.impl.PullServiceImpl (PullServiceImpl.java:105) - Initialized pull service [key=PullService.pullService.3] with 16 pre-pulled tools, 9 pre-queued tools and 0 runtime tools
2018-06-13 20:32:16,900 [localhost-startStop-1] INFO  com.alibaba.citrus.webx.context.WebxComponentsLoader (WebxComponentsLoader.java:225) - Initializing Spring sub WebApplicationContext: governance
2018-06-13 20:32:16,900 [localhost-startStop-1] INFO  org.springframework.context.support.AbstractApplicationContext (AbstractApplicationContext.java:515) - Refreshing WebApplicationContext for namespace 'governance': startup date [Wed Jun 13 20:32:16 CST 2018]; parent: Root WebApplicationContext
2018-06-13 20:32:17,369 [localhost-startStop-1] INFO  org.springframework.beans.factory.xml.XmlBeanDefinitionReader (XmlBeanDefinitionReader.java:316) - Loading XML bean definitions from Resource[WEB-INF/webx-governance.xml, loaded by ResourceLoadingService]
2018-06-13 20:32:17,412 [localhost-startStop-1] INFO  org.springframework.beans.factory.xml.XmlBeanDefinitionReader (XmlBeanDefinitionReader.java:316) - Loading XML bean definitions from Resource[WEB-INF/common/webx-component-and-root.xml, loaded by ResourceLoadingService]
2018-06-13 20:32:17,437 [localhost-startStop-1] INFO  org.springframework.beans.factory.xml.XmlBeanDefinitionReader (XmlBeanDefinitionReader.java:316) - Loading XML bean definitions from Resource[WEB-INF/common/webx-component.xml, loaded by ResourceLoadingService]
2018-06-13 20:32:17,459 [localhost-startStop-1] INFO  org.springframework.beans.factory.xml.XmlBeanDefinitionReader (XmlBeanDefinitionReader.java:316) - Loading XML bean definitions from Resource[WEB-INF/common/pipeline.xml, loaded by ResourceLoadingService]
2018-06-13 20:32:17,493 [localhost-startStop-1] INFO  org.springframework.context.support.AbstractApplicationContext$BeanPostProcessorChecker (AbstractApplicationContext.java:1380) - Bean '(inner bean)#605a1a55' of type [class com.alibaba.citrus.springext.util.SpringExtUtil$ConstructorArg] is not eligible for getting processed by all BeanPostProcessors (for example: not eligible for auto-proxying)
2018-06-13 20:32:17,494 [localhost-startStop-1] INFO  org.springframework.context.support.AbstractApplicationContext$BeanPostProcessorChecker (AbstractApplicationContext.java:1380) - Bean '(inner bean)#295eb413' of type [class com.alibaba.citrus.webx.config.impl.WebxConfigurationImpl$ComponentsConfigImpl] is not eligible for getting processed by all BeanPostProcessors (for example: not eligible for auto-proxying)
2018-06-13 20:32:17,495 [localhost-startStop-1] INFO  alibaba.citrus.service.configuration.support.PropertiesConfigurationSupport (PropertiesConfigurationSupport.java:79) - Application is running in Production Mode.
2018-06-13 20:32:17,495 [localhost-startStop-1] INFO  org.springframework.context.support.AbstractApplicationContext$BeanPostProcessorChecker (AbstractApplicationContext.java:1380) - Bean 'webxConfiguration' of type [class com.alibaba.citrus.webx.config.impl.WebxConfigurationImpl] is not eligible for getting processed by all BeanPostProcessors (for example: not eligible for auto-proxying)
2018-06-13 20:32:17,495 [localhost-startStop-1] INFO  org.springframework.context.support.AbstractApplicationContext$BeanPostProcessorChecker (AbstractApplicationContext.java:1380) - Bean '(inner bean)#605a1a55' of type [class com.alibaba.citrus.webx.config.impl.WebxConfigurationImpl] is not eligible for getting processed by all BeanPostProcessors (for example: not eligible for auto-proxying)
2018-06-13 20:32:17,496 [localhost-startStop-1] INFO  org.springframework.beans.factory.support.DefaultListableBeanFactory (DefaultListableBeanFactory.java:603) - Pre-instantiating singletons in com.alibaba.citrus.springext.support.context.InheritableListableBeanFactory@a902ba9: defining beans [org.springframework.context.annotation.internalConfigurationAnnotationProcessor,org.springframework.context.annotation.internalAutowiredAnnotationProcessor,org.springframework.context.annotation.internalRequiredAnnotationProcessor,org.springframework.context.annotation.internalCommonAnnotationProcessor,com.alibaba.citrus.service.configuration.support.PropertyPlaceholderConfigurer#0,pullService,templateService,mappingRuleService,dataResolverService,productionModeSensiblePostProcessor,webxConfiguration,pullService#0,pipeline,module.screen.Addresses,module.screen.Loadbalances,module.screen.NoServicePrivilege,module.screen.Consumers,module.screen.Owners,module.screen.Routes,module.screen.Applications,module.screen.Accesses,module.screen.Services,module.screen.Overrides,module.screen.Providers,module.screen.Weights,moduleLoaderService,org.springframework.context.annotation.ConfigurationClassPostProcessor.importAwareProcessor]; parent: com.alibaba.citrus.springext.support.context.InheritableListableBeanFactory@7168f1b1
2018-06-13 20:32:17,497 [localhost-startStop-1] INFO  alibaba.citrus.service.pull.impl.PullServiceImpl (PullServiceImpl.java:105) - Initialized pull service [key=PullService.pullService.4] with 1 pre-pulled tools, 2 pre-queued tools and 0 runtime tools
2018-06-13 20:32:17,500 [localhost-startStop-1] INFO  alibaba.citrus.service.velocity.impl.Slf4jLogChute (Slf4jLogChute.java:76) - SpringResourceLoaderAdapter : initialization starting.
2018-06-13 20:32:17,500 [localhost-startStop-1] INFO  alibaba.citrus.service.velocity.impl.Slf4jLogChute (Slf4jLogChute.java:76) - SpringResourceLoaderAdapter : set path '/templates/governance/'
2018-06-13 20:32:17,500 [localhost-startStop-1] INFO  alibaba.citrus.service.velocity.impl.Slf4jLogChute (Slf4jLogChute.java:76) - SpringResourceLoaderAdapter : initialization complete.
2018-06-13 20:32:17,502 [localhost-startStop-1] INFO  alibaba.citrus.service.mappingrule.support.AbstractMappingRule (AbstractMappingRule.java:83) - Initialized extension.input:ExtensionMappingRule with cache disabled
2018-06-13 20:32:17,503 [localhost-startStop-1] INFO  alibaba.citrus.service.mappingrule.support.AbstractMappingRule (AbstractMappingRule.java:83) - Initialized extension.output:ExtensionMappingRule with cache disabled
2018-06-13 20:32:17,509 [localhost-startStop-1] INFO  alibaba.citrus.service.mappingrule.support.AbstractMappingRule (AbstractMappingRule.java:83) - Initialized action:DirectModuleMappingRule with cache disabled
2018-06-13 20:32:17,509 [localhost-startStop-1] INFO  alibaba.citrus.service.mappingrule.support.AbstractMappingRule (AbstractMappingRule.java:83) - Initialized screen.notemplate:DirectModuleMappingRule with cache disabled
2018-06-13 20:32:17,509 [localhost-startStop-1] INFO  alibaba.citrus.service.mappingrule.support.AbstractMappingRule (AbstractMappingRule.java:83) - Initialized screen:FallbackModuleMappingRule with cache enabled
2018-06-13 20:32:17,510 [localhost-startStop-1] INFO  alibaba.citrus.service.mappingrule.support.AbstractMappingRule (AbstractMappingRule.java:83) - Initialized screen.template:DirectTemplateMappingRule with cache disabled
2018-06-13 20:32:17,510 [localhost-startStop-1] INFO  alibaba.citrus.service.mappingrule.support.AbstractMappingRule (AbstractMappingRule.java:83) - Initialized layout.template:FallbackTemplateMappingRule with cache enabled
2018-06-13 20:32:17,511 [localhost-startStop-1] INFO  alibaba.citrus.service.mappingrule.support.AbstractMappingRule (AbstractMappingRule.java:83) - Initialized control.notemplate:DirectModuleMappingRule with cache disabled
2018-06-13 20:32:17,511 [localhost-startStop-1] INFO  alibaba.citrus.service.mappingrule.support.AbstractMappingRule (AbstractMappingRule.java:83) - Initialized control:FallbackModuleMappingRule with cache enabled
2018-06-13 20:32:17,511 [localhost-startStop-1] INFO  alibaba.citrus.service.mappingrule.support.AbstractMappingRule (AbstractMappingRule.java:83) - Initialized control.template:DirectTemplateMappingRule with cache disabled
2018-06-13 20:32:17,513 [localhost-startStop-1] INFO  alibaba.citrus.service.pull.impl.PullServiceImpl (PullServiceImpl.java:105) - Initialized pull service [key=PullService.pullService#0.5] with 16 pre-pulled tools, 9 pre-queued tools and 0 runtime tools
2018-06-13 20:32:17,545 [localhost-startStop-1] INFO  com.alibaba.citrus.webx.context.WebxComponentsLoader (WebxComponentsLoader.java:225) - Initializing Spring sub WebApplicationContext: home
2018-06-13 20:32:17,545 [localhost-startStop-1] INFO  org.springframework.context.support.AbstractApplicationContext (AbstractApplicationContext.java:515) - Refreshing WebApplicationContext for namespace 'home': startup date [Wed Jun 13 20:32:17 CST 2018]; parent: Root WebApplicationContext
2018-06-13 20:32:17,930 [localhost-startStop-1] INFO  org.springframework.beans.factory.xml.XmlBeanDefinitionReader (XmlBeanDefinitionReader.java:316) - Loading XML bean definitions from Resource[WEB-INF/webx-home.xml, loaded by ResourceLoadingService]
2018-06-13 20:32:17,965 [localhost-startStop-1] INFO  org.springframework.beans.factory.xml.XmlBeanDefinitionReader (XmlBeanDefinitionReader.java:316) - Loading XML bean definitions from Resource[WEB-INF/common/webx-component-and-root.xml, loaded by ResourceLoadingService]
2018-06-13 20:32:17,988 [localhost-startStop-1] INFO  org.springframework.beans.factory.xml.XmlBeanDefinitionReader (XmlBeanDefinitionReader.java:316) - Loading XML bean definitions from Resource[WEB-INF/common/webx-component.xml, loaded by ResourceLoadingService]
2018-06-13 20:32:18,011 [localhost-startStop-1] INFO  org.springframework.beans.factory.xml.XmlBeanDefinitionReader (XmlBeanDefinitionReader.java:316) - Loading XML bean definitions from Resource[WEB-INF/common/pipeline.xml, loaded by ResourceLoadingService]
2018-06-13 20:32:18,044 [localhost-startStop-1] INFO  org.springframework.context.support.AbstractApplicationContext$BeanPostProcessorChecker (AbstractApplicationContext.java:1380) - Bean '(inner bean)#145375f' of type [class com.alibaba.citrus.springext.util.SpringExtUtil$ConstructorArg] is not eligible for getting processed by all BeanPostProcessors (for example: not eligible for auto-proxying)
2018-06-13 20:32:18,044 [localhost-startStop-1] INFO  org.springframework.context.support.AbstractApplicationContext$BeanPostProcessorChecker (AbstractApplicationContext.java:1380) - Bean '(inner bean)#3d02f35' of type [class com.alibaba.citrus.webx.config.impl.WebxConfigurationImpl$ComponentsConfigImpl] is not eligible for getting processed by all BeanPostProcessors (for example: not eligible for auto-proxying)
2018-06-13 20:32:18,045 [localhost-startStop-1] INFO  alibaba.citrus.service.configuration.support.PropertiesConfigurationSupport (PropertiesConfigurationSupport.java:79) - Application is running in Production Mode.
2018-06-13 20:32:18,045 [localhost-startStop-1] INFO  org.springframework.context.support.AbstractApplicationContext$BeanPostProcessorChecker (AbstractApplicationContext.java:1380) - Bean 'webxConfiguration' of type [class com.alibaba.citrus.webx.config.impl.WebxConfigurationImpl] is not eligible for getting processed by all BeanPostProcessors (for example: not eligible for auto-proxying)
2018-06-13 20:32:18,045 [localhost-startStop-1] INFO  org.springframework.context.support.AbstractApplicationContext$BeanPostProcessorChecker (AbstractApplicationContext.java:1380) - Bean '(inner bean)#145375f' of type [class com.alibaba.citrus.webx.config.impl.WebxConfigurationImpl] is not eligible for getting processed by all BeanPostProcessors (for example: not eligible for auto-proxying)
2018-06-13 20:32:18,046 [localhost-startStop-1] INFO  org.springframework.beans.factory.support.DefaultListableBeanFactory (DefaultListableBeanFactory.java:603) - Pre-instantiating singletons in com.alibaba.citrus.springext.support.context.InheritableListableBeanFactory@322611a4: defining beans [org.springframework.context.annotation.internalConfigurationAnnotationProcessor,org.springframework.context.annotation.internalAutowiredAnnotationProcessor,org.springframework.context.annotation.internalRequiredAnnotationProcessor,org.springframework.context.annotation.internalCommonAnnotationProcessor,com.alibaba.citrus.service.configuration.support.PropertyPlaceholderConfigurer#0,templateService,mappingRuleService,dataResolverService,productionModeSensiblePostProcessor,webxConfiguration,pullService,pipeline,module.screen.Index,module.screen.Unreg,module.screen.Disable,module.screen.Result,module.screen.Servicestatus,module.screen.Register,module.screen.Reg,module.screen.Status,module.screen.Unregister,module.screen.Unregisterall,module.screen.Lookup,module.control.Menu,moduleLoaderService,org.springframework.context.annotation.ConfigurationClassPostProcessor.importAwareProcessor]; parent: com.alibaba.citrus.springext.support.context.InheritableListableBeanFactory@7168f1b1
2018-06-13 20:32:18,048 [localhost-startStop-1] INFO  alibaba.citrus.service.velocity.impl.Slf4jLogChute (Slf4jLogChute.java:76) - SpringResourceLoaderAdapter : initialization starting.
2018-06-13 20:32:18,048 [localhost-startStop-1] INFO  alibaba.citrus.service.velocity.impl.Slf4jLogChute (Slf4jLogChute.java:76) - SpringResourceLoaderAdapter : set path '/templates/home/'
2018-06-13 20:32:18,048 [localhost-startStop-1] INFO  alibaba.citrus.service.velocity.impl.Slf4jLogChute (Slf4jLogChute.java:76) - SpringResourceLoaderAdapter : initialization complete.
2018-06-13 20:32:18,051 [localhost-startStop-1] INFO  alibaba.citrus.service.mappingrule.support.AbstractMappingRule (AbstractMappingRule.java:83) - Initialized extension.input:ExtensionMappingRule with cache disabled
2018-06-13 20:32:18,051 [localhost-startStop-1] INFO  alibaba.citrus.service.mappingrule.support.AbstractMappingRule (AbstractMappingRule.java:83) - Initialized extension.output:ExtensionMappingRule with cache disabled
2018-06-13 20:32:18,057 [localhost-startStop-1] INFO  alibaba.citrus.service.mappingrule.support.AbstractMappingRule (AbstractMappingRule.java:83) - Initialized action:DirectModuleMappingRule with cache disabled
2018-06-13 20:32:18,057 [localhost-startStop-1] INFO  alibaba.citrus.service.mappingrule.support.AbstractMappingRule (AbstractMappingRule.java:83) - Initialized screen.notemplate:DirectModuleMappingRule with cache disabled
2018-06-13 20:32:18,057 [localhost-startStop-1] INFO  alibaba.citrus.service.mappingrule.support.AbstractMappingRule (AbstractMappingRule.java:83) - Initialized screen:FallbackModuleMappingRule with cache enabled
2018-06-13 20:32:18,058 [localhost-startStop-1] INFO  alibaba.citrus.service.mappingrule.support.AbstractMappingRule (AbstractMappingRule.java:83) - Initialized screen.template:DirectTemplateMappingRule with cache disabled
2018-06-13 20:32:18,059 [localhost-startStop-1] INFO  alibaba.citrus.service.mappingrule.support.AbstractMappingRule (AbstractMappingRule.java:83) - Initialized layout.template:FallbackTemplateMappingRule with cache enabled
2018-06-13 20:32:18,059 [localhost-startStop-1] INFO  alibaba.citrus.service.mappingrule.support.AbstractMappingRule (AbstractMappingRule.java:83) - Initialized control.notemplate:DirectModuleMappingRule with cache disabled
2018-06-13 20:32:18,059 [localhost-startStop-1] INFO  alibaba.citrus.service.mappingrule.support.AbstractMappingRule (AbstractMappingRule.java:83) - Initialized control:FallbackModuleMappingRule with cache enabled
2018-06-13 20:32:18,060 [localhost-startStop-1] INFO  alibaba.citrus.service.mappingrule.support.AbstractMappingRule (AbstractMappingRule.java:83) - Initialized control.template:DirectTemplateMappingRule with cache disabled
2018-06-13 20:32:18,061 [localhost-startStop-1] INFO  alibaba.citrus.service.pull.impl.PullServiceImpl (PullServiceImpl.java:105) - Initialized pull service [key=PullService.pullService.6] with 16 pre-pulled tools, 9 pre-queued tools and 0 runtime tools
2018-06-13 20:32:18,084 [localhost-startStop-1] INFO  com.alibaba.citrus.webx.context.WebxComponentsLoader (WebxComponentsLoader.java:225) - WebxComponents: initialization completed
2018-06-13 20:32:18,084 [localhost-startStop-1] INFO  org.springframework.web.context.ContextLoader (ContextLoader.java:325) - Root WebApplicationContext: initialization completed in 6021 ms
2018-06-13 20:33:46,729 [localhost-startStop-1] INFO  com.alibaba.citrus.webx.servlet.FilterBean (FilterBean.java:105) - Initializing filter: webx
2018-06-13 20:33:46,733 [localhost-startStop-1] INFO  com.alibaba.citrus.webx.servlet.FilterBean (FilterBean.java:105) - WebxFrameworkFilter - webx: initialization completed
2018-06-13 20:33:46,734 [localhost-startStop-1] INFO  com.alibaba.citrus.webx.servlet.FilterBean (FilterBean.java:105) - Initializing filter: mdc
2018-06-13 20:33:46,734 [localhost-startStop-1] INFO  com.alibaba.citrus.webx.servlet.FilterBean (FilterBean.java:105) - SetLoggingContextFilter - mdc: initialization completed
2018-06-13 20:33:46,918 [http-nio-8088-exec-1] INFO  dubbo.governance.web.common.interceptor.AuthorizationValve (AuthorizationValve.java:60) -  [DUBBO] AuthorizationValve of uri: /, dubbo version: 2.5.3, current host: 10.254.197.62
2018-06-13 20:33:56,293 [http-nio-8088-exec-3] INFO  dubbo.governance.web.common.interceptor.AuthorizationValve (AuthorizationValve.java:60) -  [DUBBO] AuthorizationValve of uri: /, dubbo version: 2.5.3, current host: 10.254.197.62
2018-06-13 20:36:33,750 [http-nio-8088-exec-9] INFO  dubbo.governance.web.common.interceptor.AuthorizationValve (AuthorizationValve.java:60) -  [DUBBO] AuthorizationValve of uri: /, dubbo version: 2.5.3, current host: 10.254.197.62
2018-06-13 20:36:56,106 [http-nio-8088-exec-2] INFO  dubbo.governance.web.common.interceptor.AuthorizationValve (AuthorizationValve.java:60) -  [DUBBO] AuthorizationValve of uri: /, dubbo version: 2.5.3, current host: 10.254.197.62
2018-06-13 20:37:57,621 [http-nio-8088-exec-4] INFO  dubbo.governance.web.common.interceptor.RestfuleUrlRewriter (RestfuleUrlRewriter.java:202) -  [DUBBO] REWRITE restful uri /governance/providers to uri governance/providers.htm?{_type=providers, _path=governance/providers}, dubbo version: 2.5.3, current host: 10.254.197.62
2018-06-13 20:37:57,623 [http-nio-8088-exec-4] INFO  dubbo.governance.web.common.interceptor.AuthorizationValve (AuthorizationValve.java:60) -  [DUBBO] AuthorizationValve of uri: /governance/providers, dubbo version: 2.5.3, current host: 10.254.197.62
2018-06-13 20:37:59,615 [http-nio-8088-exec-6] INFO  dubbo.governance.web.common.interceptor.RestfuleUrlRewriter (RestfuleUrlRewriter.java:202) -  [DUBBO] REWRITE restful uri /governance/consumers to uri governance/consumers.htm?{_type=consumers, _path=governance/consumers}, dubbo version: 2.5.3, current host: 10.254.197.62
2018-06-13 20:37:59,617 [http-nio-8088-exec-6] INFO  dubbo.governance.web.common.interceptor.AuthorizationValve (AuthorizationValve.java:60) -  [DUBBO] AuthorizationValve of uri: /governance/consumers, dubbo version: 2.5.3, current host: 10.254.197.62
2018-06-13 20:41:05,543 [ZkClient-EventThread-18-10.254.197.54:2181,10.254.197.55:2181,10.254.197.56:2181] INFO  com.alibaba.dubbo.registry.support.AbstractRegistry (AbstractRegistry.java:325) -  [DUBBO] Subscribe: admin://10.254.197.62/com.alibaba.dubbo.monitor.MonitorService?category=providers,consumers,routers,configurators&check=false&classifier=*&enabled=*&group=*&interface=com.alibaba.dubbo.monitor.MonitorService&version=*, dubbo version: 2.5.3, current host: 10.254.197.62
2018-06-13 20:41:05,581 [ZkClient-EventThread-18-10.254.197.54:2181,10.254.197.55:2181,10.254.197.56:2181] INFO  com.alibaba.dubbo.registry.support.AbstractRegistry (AbstractRegistry.java:422) -  [DUBBO] Notify urls for subscribe url admin://10.254.197.62/com.alibaba.dubbo.monitor.MonitorService?category=providers,consumers,routers,configurators&check=false&classifier=*&enabled=*&group=*&interface=com.alibaba.dubbo.monitor.MonitorService&version=*, urls: [dubbo://10.254.197.62:7070/com.alibaba.dubbo.monitor.MonitorService?anyhost=true&application=simple-monitor&delay=-1&dubbo=2.5.3&interface=com.alibaba.dubbo.monitor.MonitorService&methods=lookup,collect&pid=3157&revision=2.5.3&side=provider&timestamp=1528893665240, empty://10.254.197.62/com.alibaba.dubbo.monitor.MonitorService?category=consumers&check=false&classifier=*&enabled=*&group=*&interface=com.alibaba.dubbo.monitor.MonitorService&version=*, empty://10.254.197.62/com.alibaba.dubbo.monitor.MonitorService?category=routers&check=false&classifier=*&enabled=*&group=*&interface=com.alibaba.dubbo.monitor.MonitorService&version=*, empty://10.254.197.62/com.alibaba.dubbo.monitor.MonitorService?category=configurators&check=false&classifier=*&enabled=*&group=*&interface=com.alibaba.dubbo.monitor.MonitorService&version=*], dubbo version: 2.5.3, current host: 10.254.197.62
2018-06-13 20:53:42,572 [ZkClient-EventThread-18-10.254.197.54:2181,10.254.197.55:2181,10.254.197.56:2181] INFO  com.alibaba.dubbo.registry.support.AbstractRegistry (AbstractRegistry.java:422) -  [DUBBO] Notify urls for subscribe url admin://10.254.197.62/com.alibaba.dubbo.monitor.MonitorService?category=providers,consumers,routers,configurators&check=false&classifier=*&enabled=*&group=*&interface=com.alibaba.dubbo.monitor.MonitorService&version=*, urls: [empty://10.254.197.62/com.alibaba.dubbo.monitor.MonitorService?category=providers&check=false&classifier=*&enabled=*&group=*&interface=com.alibaba.dubbo.monitor.MonitorService&version=*], dubbo version: 2.5.3, current host: 10.254.197.62
2018-06-13 20:54:40,097 [localhost-startStop-2] INFO  org.springframework.context.support.AbstractApplicationContext (AbstractApplicationContext.java:1048) - Closing Root WebApplicationContext: startup date [Wed Jun 13 20:32:12 CST 2018]; root of context hierarchy
2018-06-13 20:54:40,098 [localhost-startStop-2] INFO  org.springframework.beans.factory.support.DefaultSingletonBeanRegistry (DefaultSingletonBeanRegistry.java:444) - Destroying singletons in com.alibaba.citrus.springext.support.context.InheritableListableBeanFactory@7168f1b1: defining beans [org.springframework.context.annotation.internalConfigurationAnnotationProcessor,org.springframework.context.annotation.internalAutowiredAnnotationProcessor,org.springframework.context.annotation.internalRequiredAnnotationProcessor,org.springframework.context.annotation.internalCommonAnnotationProcessor,com.alibaba.citrus.service.configuration.support.PropertyPlaceholderConfigurer#0,templateService,mappingRuleService,dataResolverService,exceptionPipeline,resourceLoadingService,messageSource,uriBrokerService,restfulRewrite,org.springframework.beans.factory.config.PropertyPlaceholderConfigurer#0,dubbo-admin,com.alibaba.dubbo.config.RegistryConfig,registryService,configService,consumerService,overrideService,ownerService,providerService,routeService,userService,governanceCache,productionModeSensiblePostProcessor,webxConfiguration,requestContexts,com.alibaba.citrus.service.requestcontext.impl.RequestContextBeanFactoryPostProcessor#0,uploadService,pullService,formService,module.screen.Error404,module.screen.ErrorOther,moduleLoaderService,messageResourceService,com.alibaba.citrus.webx.context.WebxComponentsLoader$WebxComponentsCreator,org.springframework.context.annotation.ConfigurationClassPostProcessor.importAwareProcessor]; root of factory hierarchy
2018-06-13 20:54:40,100 [localhost-startStop-2] INFO  com.alibaba.dubbo.registry.support.AbstractRegistry (AbstractRegistry.java:343) -  [DUBBO] Unsubscribe: admin://10.254.197.62?category=providers,consumers,routers,configurators&check=false&classifier=*&enabled=*&group=*&interface=*&version=*, dubbo version: 2.5.3, current host: 10.254.197.62
2018-06-13 20:54:40,105 [localhost-startStop-2] INFO  org.springframework.context.support.AbstractApplicationContext (AbstractApplicationContext.java:1048) - Closing WebApplicationContext for namespace 'sysmanage': startup date [Wed Jun 13 20:32:14 CST 2018]; parent: Root WebApplicationContext
2018-06-13 20:54:40,106 [localhost-startStop-2] INFO  org.springframework.beans.factory.support.DefaultSingletonBeanRegistry (DefaultSingletonBeanRegistry.java:444) - Destroying singletons in com.alibaba.citrus.springext.support.context.InheritableListableBeanFactory@7b46e4f5: defining beans [org.springframework.context.annotation.internalConfigurationAnnotationProcessor,org.springframework.context.annotation.internalAutowiredAnnotationProcessor,org.springframework.context.annotation.internalRequiredAnnotationProcessor,org.springframework.context.annotation.internalCommonAnnotationProcessor,com.alibaba.citrus.service.configuration.support.PropertyPlaceholderConfigurer#0,templateService,mappingRuleService,dataResolverService,productionModeSensiblePostProcessor,webxConfiguration,pullService,pipeline,module.screen.Privileges,module.screen.Userown,module.screen.Configs,moduleLoaderService,org.springframework.context.annotation.ConfigurationClassPostProcessor.importAwareProcessor]; parent: com.alibaba.citrus.springext.support.context.InheritableListableBeanFactory@7168f1b1
2018-06-13 20:54:40,109 [localhost-startStop-2] INFO  org.springframework.context.support.AbstractApplicationContext (AbstractApplicationContext.java:1048) - Closing WebApplicationContext for namespace 'governance': startup date [Wed Jun 13 20:32:16 CST 2018]; parent: Root WebApplicationContext
2018-06-13 20:54:40,109 [localhost-startStop-2] INFO  org.springframework.beans.factory.support.DefaultSingletonBeanRegistry (DefaultSingletonBeanRegistry.java:444) - Destroying singletons in com.alibaba.citrus.springext.support.context.InheritableListableBeanFactory@a902ba9: defining beans [org.springframework.context.annotation.internalConfigurationAnnotationProcessor,org.springframework.context.annotation.internalAutowiredAnnotationProcessor,org.springframework.context.annotation.internalRequiredAnnotationProcessor,org.springframework.context.annotation.internalCommonAnnotationProcessor,com.alibaba.citrus.service.configuration.support.PropertyPlaceholderConfigurer#0,pullService,templateService,mappingRuleService,dataResolverService,productionModeSensiblePostProcessor,webxConfiguration,pullService#0,pipeline,module.screen.Addresses,module.screen.Loadbalances,module.screen.NoServicePrivilege,module.screen.Consumers,module.screen.Owners,module.screen.Routes,module.screen.Applications,module.screen.Accesses,module.screen.Services,module.screen.Overrides,module.screen.Providers,module.screen.Weights,moduleLoaderService,org.springframework.context.annotation.ConfigurationClassPostProcessor.importAwareProcessor]; parent: com.alibaba.citrus.springext.support.context.InheritableListableBeanFactory@7168f1b1
2018-06-13 20:54:40,111 [localhost-startStop-2] INFO  org.springframework.context.support.AbstractApplicationContext (AbstractApplicationContext.java:1048) - Closing WebApplicationContext for namespace 'home': startup date [Wed Jun 13 20:32:17 CST 2018]; parent: Root WebApplicationContext
2018-06-13 20:54:40,111 [localhost-startStop-2] INFO  org.springframework.beans.factory.support.DefaultSingletonBeanRegistry (DefaultSingletonBeanRegistry.java:444) - Destroying singletons in com.alibaba.citrus.springext.support.context.InheritableListableBeanFactory@322611a4: defining beans [org.springframework.context.annotation.internalConfigurationAnnotationProcessor,org.springframework.context.annotation.internalAutowiredAnnotationProcessor,org.springframework.context.annotation.internalRequiredAnnotationProcessor,org.springframework.context.annotation.internalCommonAnnotationProcessor,com.alibaba.citrus.service.configuration.support.PropertyPlaceholderConfigurer#0,templateService,mappingRuleService,dataResolverService,productionModeSensiblePostProcessor,webxConfiguration,pullService,pipeline,module.screen.Index,module.screen.Unreg,module.screen.Disable,module.screen.Result,module.screen.Servicestatus,module.screen.Register,module.screen.Reg,module.screen.Status,module.screen.Unregister,module.screen.Unregisterall,module.screen.Lookup,module.control.Menu,moduleLoaderService,org.springframework.context.annotation.ConfigurationClassPostProcessor.importAwareProcessor]; parent: com.alibaba.citrus.springext.support.context.InheritableListableBeanFactory@7168f1b1
2018-06-13 20:54:40,119 [localhost-startStop-2] INFO  org.springframework.context.support.AbstractApplicationContext (AbstractApplicationContext.java:1048) - Closing WebApplicationContext for namespace 'sysinfo': startup date [Wed Jun 13 20:32:15 CST 2018]; parent: Root WebApplicationContext
2018-06-13 20:54:40,120 [localhost-startStop-2] INFO  org.springframework.beans.factory.support.DefaultSingletonBeanRegistry (DefaultSingletonBeanRegistry.java:444) - Destroying singletons in com.alibaba.citrus.springext.support.context.InheritableListableBeanFactory@4db58d6c: defining beans [org.springframework.context.annotation.internalConfigurationAnnotationProcessor,org.springframework.context.annotation.internalAutowiredAnnotationProcessor,org.springframework.context.annotation.internalRequiredAnnotationProcessor,org.springframework.context.annotation.internalCommonAnnotationProcessor,com.alibaba.citrus.service.configuration.support.PropertyPlaceholderConfigurer#0,templateService,mappingRuleService,dataResolverService,productionModeSensiblePostProcessor,webxConfiguration,pullService,pipeline,module.screen.Dump,module.screen.Envs,module.screen.Statuses,module.screen.Logs,module.screen.Versions,module.screen.Dumps,moduleLoaderService,org.springframework.context.annotation.ConfigurationClassPostProcessor.importAwareProcessor]; parent: com.alibaba.citrus.springext.support.context.InheritableListableBeanFactory@7168f1b1
2018-06-13 20:54:40,121 [localhost-startStop-2] INFO  org.springframework.context.support.AbstractApplicationContext (AbstractApplicationContext.java:1048) - Closing WebApplicationContext for namespace 'personal': startup date [Wed Jun 13 20:32:16 CST 2018]; parent: Root WebApplicationContext
2018-06-13 20:54:40,121 [localhost-startStop-2] INFO  org.springframework.beans.factory.support.DefaultSingletonBeanRegistry (DefaultSingletonBeanRegistry.java:444) - Destroying singletons in com.alibaba.citrus.springext.support.context.InheritableListableBeanFactory@55b6dc9f: defining beans [org.springframework.context.annotation.internalConfigurationAnnotationProcessor,org.springframework.context.annotation.internalAutowiredAnnotationProcessor,org.springframework.context.annotation.internalRequiredAnnotationProcessor,org.springframework.context.annotation.internalCommonAnnotationProcessor,com.alibaba.citrus.service.configuration.support.PropertyPlaceholderConfigurer#0,templateService,mappingRuleService,dataResolverService,productionModeSensiblePostProcessor,webxConfiguration,pullService,pipeline,module.screen.Passwds,module.screen.Infos,moduleLoaderService,org.springframework.context.annotation.ConfigurationClassPostProcessor.importAwareProcessor]; parent: com.alibaba.citrus.springext.support.context.InheritableListableBeanFactory@7168f1b1
2018-06-13 20:54:40,148 [DubboShutdownHook] INFO  com.alibaba.dubbo.config.AbstractConfig$1 (AbstractConfig.java:450) -  [DUBBO] Run shutdown hook now., dubbo version: 2.5.3, current host: 10.254.197.62
2018-06-13 20:54:40,150 [DubboShutdownHook] INFO  com.alibaba.dubbo.registry.support.AbstractRegistryFactory (AbstractRegistryFactory.java:63) -  [DUBBO] Close all registries [zookeeper://10.254.197.54:2181/com.alibaba.dubbo.registry.RegistryService?application=dubbo-admin&backup=10.254.197.55:2181,10.254.197.56:2181&check=false&dubbo=2.5.3&file=false&interface=com.alibaba.dubbo.registry.RegistryService&pid=3023&timestamp=1528893134528], dubbo version: 2.5.3, current host: 10.254.197.62
2018-06-13 20:54:40,150 [DubboShutdownHook] INFO  com.alibaba.dubbo.registry.support.AbstractRegistry (AbstractRegistry.java:485) -  [DUBBO] Destroy registry:zookeeper://10.254.197.54:2181/com.alibaba.dubbo.registry.RegistryService?application=dubbo-admin&backup=10.254.197.55:2181,10.254.197.56:2181&check=false&dubbo=2.5.3&file=false&interface=com.alibaba.dubbo.registry.RegistryService&pid=3023&timestamp=1528893134528, dubbo version: 2.5.3, current host: 10.254.197.62
2018-06-13 20:54:40,150 [DubboShutdownHook] INFO  com.alibaba.dubbo.registry.support.AbstractRegistry (AbstractRegistry.java:343) -  [DUBBO] Unsubscribe: admin://10.254.197.62/com.alibaba.dubbo.monitor.MonitorService?category=providers,consumers,routers,configurators&check=false&classifier=*&enabled=*&group=*&interface=com.alibaba.dubbo.monitor.MonitorService&version=*, dubbo version: 2.5.3, current host: 10.254.197.62
2018-06-13 20:54:40,151 [DubboShutdownHook] INFO  com.alibaba.dubbo.registry.support.AbstractRegistry (AbstractRegistry.java:510) -  [DUBBO] Destroy unsubscribe url admin://10.254.197.62/com.alibaba.dubbo.monitor.MonitorService?category=providers,consumers,routers,configurators&check=false&classifier=*&enabled=*&group=*&interface=com.alibaba.dubbo.monitor.MonitorService&version=*, dubbo version: 2.5.3, current host: 10.254.197.62
2018-06-13 20:54:40,152 [ZkClient-EventThread-18-10.254.197.54:2181,10.254.197.55:2181,10.254.197.56:2181] INFO  org.I0Itec.zkclient.ZkEventThread (ZkEventThread.java:82) - Terminate ZkClient event thread.
